<?xml version="1.0" encoding="UTF-8"?>
<!-- Generated by org.testng.reporters.JUnitXMLReporter -->
<testsuite ignored="0" hostname="Nandini" failures="1" tests="1" name="Test" time="6.424" errors="0" timestamp="2025-04-22T20:20:54 IST">
  <testcase classname="testCases.TC_003_LoginDDT" name="verify_loginDDT" time="0.0">
    <failure type="java.lang.RuntimeException" message="java.io.FileNotFoundException: .\D:\DataProviderTest.xlsx (The filename, directory name, or volume label syntax is incorrect)">
      <![CDATA[java.lang.RuntimeException: java.io.FileNotFoundException: .\D:\DataProviderTest.xlsx (The filename, directory name, or volume label syntax is incorrect)
at java.base/java.util.ArrayList.forEach(ArrayList.java:1511)
Caused by: java.io.FileNotFoundException: .\D:\DataProviderTest.xlsx (The filename, directory name, or volume label syntax is incorrect)
at java.base/java.io.FileInputStream.open0(Native Method)
at java.base/java.io.FileInputStream.open(FileInputStream.java:216)
at java.base/java.io.FileInputStream.<init>(FileInputStream.java:157)
at java.base/java.io.FileInputStream.<init>(FileInputStream.java:111)
at utilities.ExcelUtility.getRowCount(ExcelUtility.java:32)
at utilities.DataProviders.getData(DataProviders.java:16)
... 25 more
... Removed 32 stack frames]]>
    </failure>
  </testcase> <!-- verify_loginDDT -->
</testsuite> <!-- Test -->
