<?xml version="1.0" encoding="UTF-8"?>
<testng-results ignored="0" total="2" passed="2" failed="0" skipped="0">
  <reporter-output>
  </reporter-output>
  <suite started-at="2025-06-16T17:40:47 IST" name="Master Suite" finished-at="2025-06-16T17:41:07 IST" duration-ms="19496">
    <groups>
      <group name="Master">
        <method signature="TC_001_AccountRegistrationTest.verify_account_registration()[pri:0, instance:testCases.TC_001_AccountRegistrationTest@1bd4fdd]" name="verify_account_registration" class="testCases.TC_001_AccountRegistrationTest"/>
        <method signature="TC_002_LoginTest.verify_Login()[pri:0, instance:testCases.TC_002_LoginTest@1283bb96]" name="verify_Login" class="testCases.TC_002_LoginTest"/>
      </group> <!-- Master -->
      <group name="Sanity">
        <method signature="TC_001_AccountRegistrationTest.verify_account_registration()[pri:0, instance:testCases.TC_001_AccountRegistrationTest@1bd4fdd]" name="verify_account_registration" class="testCases.TC_001_AccountRegistrationTest"/>
        <method signature="TC_002_LoginTest.verify_Login()[pri:0, instance:testCases.TC_002_LoginTest@1283bb96]" name="verify_Login" class="testCases.TC_002_LoginTest"/>
      </group> <!-- Sanity -->
      <group name="Regression">
        <method signature="TC_001_AccountRegistrationTest.verify_account_registration()[pri:0, instance:testCases.TC_001_AccountRegistrationTest@1bd4fdd]" name="verify_account_registration" class="testCases.TC_001_AccountRegistrationTest"/>
      </group> <!-- Regression -->
    </groups>
    <test started-at="2025-06-16T17:40:47 IST" name="Test" finished-at="2025-06-16T17:41:07 IST" duration-ms="19496">
      <class name="testCases.TC_001_AccountRegistrationTest">
        <test-method is-config="true" signature="setUp(java.lang.String,java.lang.String)[pri:0, instance:testCases.TC_001_AccountRegistrationTest@1bd4fdd]" started-at="2025-06-16T17:40:47 IST" name="setUp" finished-at="2025-06-16T17:40:55 IST" duration-ms="7327" status="PASS">
          <params>
            <param index="0">
              <value>
                <![CDATA[Windows]]>
              </value>
            </param>
            <param index="1">
              <value>
                <![CDATA[chrome]]>
              </value>
            </param>
          </params>
          <reporter-output>
          </reporter-output>
        </test-method> <!-- setUp -->
        <test-method signature="verify_account_registration()[pri:0, instance:testCases.TC_001_AccountRegistrationTest@1bd4fdd]" started-at="2025-06-16T17:40:55 IST" name="verify_account_registration" finished-at="2025-06-16T17:40:58 IST" duration-ms="2943" status="PASS">
          <reporter-output>
          </reporter-output>
        </test-method> <!-- verify_account_registration -->
        <test-method is-config="true" signature="tearDown()[pri:0, instance:testCases.TC_001_AccountRegistrationTest@1bd4fdd]" started-at="2025-06-16T17:40:58 IST" name="tearDown" finished-at="2025-06-16T17:40:58 IST" duration-ms="1" status="PASS">
          <reporter-output>
          </reporter-output>
        </test-method> <!-- tearDown -->
      </class> <!-- testCases.TC_001_AccountRegistrationTest -->
      <class name="testCases.TC_002_LoginTest">
        <test-method is-config="true" signature="setUp(java.lang.String,java.lang.String)[pri:0, instance:testCases.TC_002_LoginTest@1283bb96]" started-at="2025-06-16T17:40:58 IST" name="setUp" finished-at="2025-06-16T17:41:03 IST" duration-ms="4839" status="PASS">
          <params>
            <param index="0">
              <value>
                <![CDATA[Windows]]>
              </value>
            </param>
            <param index="1">
              <value>
                <![CDATA[chrome]]>
              </value>
            </param>
          </params>
          <reporter-output>
          </reporter-output>
        </test-method> <!-- setUp -->
        <test-method signature="verify_Login()[pri:0, instance:testCases.TC_002_LoginTest@1283bb96]" started-at="2025-06-16T17:41:03 IST" name="verify_Login" finished-at="2025-06-16T17:41:07 IST" duration-ms="4008" status="PASS">
          <reporter-output>
          </reporter-output>
        </test-method> <!-- verify_Login -->
        <test-method is-config="true" signature="tearDown()[pri:0, instance:testCases.TC_002_LoginTest@1283bb96]" started-at="2025-06-16T17:41:07 IST" name="tearDown" finished-at="2025-06-16T17:41:07 IST" duration-ms="0" status="PASS">
          <reporter-output>
          </reporter-output>
        </test-method> <!-- tearDown -->
      </class> <!-- testCases.TC_002_LoginTest -->
    </test> <!-- Test -->
  </suite> <!-- Master Suite -->
</testng-results>
